2024-03-06 13:54:50,420 - basicLogger - INFO - Request started for 2
2024-03-06 13:55:15,215 - basicLogger - INFO - Request started for 2
2024-03-06 13:56:21,868 - basicLogger - INFO - Request started for medication with id: 2
2024-03-06 13:56:32,983 - basicLogger - INFO - Request started for medication with id: 2
2024-03-06 14:01:40,229 - basicLogger - INFO - Request started for adding {'name': 'tylenol', 'quantity': 56, 'modifier': 3.5} to db
2024-03-06 14:21:54,402 - basicLogger - INFO - Request started for adding {'name': 'tylenol', 'quantity': 56, 'modifier': 3.5} to db
2024-03-06 14:22:56,503 - basicLogger - INFO - Request started for adding {'name': 'tylenol', 'quantity': 56, 'modifier': 3.5} to db
2024-03-06 14:23:28,074 - basicLogger - INFO - Request started for adding {'name': 'tylenol', 'quantity': 56, 'modifier': 3.5} to db
2024-03-06 14:23:37,827 - basicLogger - INFO - Request started for adding {'name': 'tylenol', 'quantity': 56, 'modifier': 3.5} to db
2024-03-06 14:23:54,675 - basicLogger - INFO - Request started for adding {'name': 'tylenol', 'quantity': 56, 'modifier': 3.5} to db
2024-03-06 14:26:01,246 - basicLogger - INFO - Request started for adding {'name': 'tylenol', 'quantity': 56, 'modifier': 3.5} to db
2024-03-06 14:26:15,145 - basicLogger - INFO - Request started for adding {'name': 'tylenol', 'quantity': 56, 'modifier': 3.5} to db
2024-03-06 14:30:15,184 - basicLogger - INFO - Request started for adding {'name': 'tylenol', 'quantity': 56, 'modifier': 3.5} to db
2024-03-06 14:30:15,188 - basicLogger - INFO - Adding data to DB
2024-03-06 14:30:40,192 - basicLogger - INFO - Request started for adding {'name': 'tylenol', 'quantity': 56, 'modifier': 3.5} to db
2024-03-06 14:30:40,197 - basicLogger - INFO - Adding data to DB
2024-03-06 14:31:37,632 - basicLogger - INFO - Request started for adding {'name': 'tylenol', 'quantity': 56, 'modifier': 3.5} to db
2024-03-06 14:31:37,636 - basicLogger - INFO - Adding data to DB
2024-03-06 14:31:39,361 - basicLogger - INFO - Request started for adding {'name': 'tylenol', 'quantity': 56, 'modifier': 3.5} to db
2024-03-06 14:31:39,362 - basicLogger - INFO - Adding data to DB
2024-03-06 14:31:41,913 - basicLogger - INFO - Request started for adding {'name': 'tylenol', 'quantity': 56, 'modifier': 3.5} to db
2024-03-06 14:31:41,915 - basicLogger - INFO - Adding data to DB
2024-03-06 14:31:42,201 - basicLogger - INFO - Request started for adding {'name': 'tylenol', 'quantity': 56, 'modifier': 3.5} to db
2024-03-06 14:31:42,203 - basicLogger - INFO - Adding data to DB
2024-03-06 14:31:42,471 - basicLogger - INFO - Request started for adding {'name': 'tylenol', 'quantity': 56, 'modifier': 3.5} to db
2024-03-06 14:31:42,473 - basicLogger - INFO - Adding data to DB
2024-03-06 14:31:42,760 - basicLogger - INFO - Request started for adding {'name': 'tylenol', 'quantity': 56, 'modifier': 3.5} to db
2024-03-06 14:31:42,761 - basicLogger - INFO - Adding data to DB
2024-03-06 14:31:43,041 - basicLogger - INFO - Request started for adding {'name': 'tylenol', 'quantity': 56, 'modifier': 3.5} to db
2024-03-06 14:31:43,042 - basicLogger - INFO - Adding data to DB
2024-03-06 14:32:37,115 - basicLogger - INFO - Request started for adding {'name': 'tylenol', 'quantity': 56, 'modifier': 3.5} to db
2024-03-06 14:32:37,119 - basicLogger - INFO - Adding data to DB
2024-03-06 14:33:34,684 - basicLogger - INFO - Request started for adding {'name': 'tylenol', 'quantity': 56, 'modifier': 3.5} to db
2024-03-06 14:33:34,689 - basicLogger - INFO - Adding data to DB
2024-03-06 14:35:03,909 - basicLogger - INFO - Request started for adding {'name': 'tylenol', 'quantity': 56, 'modifier': 3.5} to db
2024-03-06 14:35:03,913 - basicLogger - INFO - Adding data to DB
2024-03-06 14:39:44,387 - basicLogger - INFO - Request started for adding {'name': 'tylenol', 'quantity': 56, 'modifier': 3.5} to db
2024-03-06 14:39:44,391 - basicLogger - INFO - Adding data to DB
2024-03-06 14:40:18,038 - basicLogger - INFO - Request started for adding {'name': 'tylenol', 'quantity': 56, 'modifier': 3} to db
2024-03-06 14:40:18,043 - basicLogger - INFO - Adding data to DB
2024-03-06 14:42:15,182 - basicLogger - INFO - Request started for adding {'name': 'tylenol', 'quantity': 56, 'modifier': 3.5} to db
2024-03-06 14:42:15,187 - basicLogger - INFO - Adding data to DB
2024-03-06 14:43:34,838 - basicLogger - INFO - Request started for adding {'name': 'tylenol', 'quantity': 56, 'modifier': 3.5} to db
2024-03-06 14:43:34,843 - basicLogger - INFO - Adding data to DB
2024-03-06 14:44:03,631 - basicLogger - INFO - Request started for adding {'name': 'tylenol', 'quantity': 56, 'modifier': 3.5} to db
2024-03-06 14:44:03,635 - basicLogger - INFO - Adding data to DB
2024-03-06 14:44:37,877 - basicLogger - INFO - Request started for adding {'name': 'tylenol', 'quantity': 56, 'modifier': 3.5} to db
2024-03-06 14:44:37,881 - basicLogger - INFO - Adding data to DB
2024-03-06 14:46:05,274 - basicLogger - INFO - Request started for adding {'name': 'tylenol', 'quantity': 56, 'modifier': 3.5} to db
2024-03-06 14:46:05,278 - basicLogger - INFO - Adding data to DB
2024-03-06 14:48:31,865 - basicLogger - INFO - Request started for adding {'name': 'tylenol', 'quantity': 56, 'modifier': 3.5} to db
2024-03-06 14:48:31,869 - basicLogger - INFO - Adding data to DB
2024-03-06 14:49:41,339 - basicLogger - INFO - Request started for adding {'name': 'tylenol', 'quantity': 56, 'modifier': 3.5} to db
2024-03-06 14:49:52,776 - basicLogger - INFO - Request started for adding {'name': 'tylenol', 'quantity': 56, 'modifier': 3.5} to db
2024-03-06 14:49:52,782 - basicLogger - INFO - Adding data to DB
2024-03-06 14:50:04,359 - basicLogger - INFO - Request started for adding {'name': 'tylenol', 'quantity': 56, 'modifier': 3.5} to db
2024-03-06 14:51:02,437 - basicLogger - INFO - Request started for adding {'name': 'tylenol', 'quantity': 56, 'modifier': 3.5} to db
2024-03-06 14:51:02,443 - basicLogger - INFO - Adding data to DB
2024-03-06 14:52:05,398 - basicLogger - INFO - Request started for adding {'name': 'tylenol', 'quantity': 56, 'modifier': 3.5} to db
2024-03-06 14:52:05,407 - basicLogger - INFO - Adding data to DB
2024-03-06 14:52:05,508 - basicLogger - INFO - Medication tylenol added to db. Information:
<medicine.Medicine object at 0x00000286F2ECEAD0>
2024-03-06 14:53:12,849 - basicLogger - INFO - Request started for adding {'name': 'tylenol', 'quantity': 56, 'modifier': 3.5} to db
2024-03-06 14:53:12,854 - basicLogger - INFO - Medication found in DB. Don't overwrite information.
2024-03-06 14:53:32,937 - basicLogger - INFO - Request started for adding {'name': 'tylenol', 'quantity': 56, 'modifier': 3.5} to db
2024-03-06 14:53:32,941 - basicLogger - INFO - Adding data to DB
2024-03-06 14:53:33,030 - basicLogger - INFO - Medication tylenol added to db. Information:
<medicine.Medicine object at 0x000001A0B0987C10>
2024-03-06 14:54:15,982 - basicLogger - INFO - Request started for adding {'name': 'tylenol', 'quantity': 56, 'modifier': 3.5} to db
2024-03-06 14:54:15,987 - basicLogger - INFO - Adding data to DB
2024-03-06 14:54:16,082 - basicLogger - INFO - Medication tylenol added to db. Information:
('tylenol', 56, 16, 3.5, datetime.date(2024, 3, 9))
2024-03-06 14:55:12,343 - basicLogger - INFO - Request started for adding {'name': 'tylenol', 'quantity': 56, 'modifier': 3.5} to db
2024-03-06 14:55:12,348 - basicLogger - INFO - Medication found in DB. Don't overwrite information.
2024-03-06 14:55:22,011 - basicLogger - INFO - Request started for adding {'name': 'tylenol', 'quantity': 56, 'modifier': 3.5} to db
2024-03-06 14:55:22,013 - basicLogger - INFO - Adding data to DB
2024-03-06 14:55:22,099 - basicLogger - INFO - Medication tylenol added to db. Information:
name:tylenol, quantity:56, remaining_days:16, modifier:3.5, end_date:2024-03-09
2024-03-06 14:56:05,088 - basicLogger - INFO - Request started for adding {'name': 'tylenol', 'quantity': 56, 'modifier': 3.5} to db
2024-03-06 14:56:05,092 - basicLogger - INFO - Adding data to DB
2024-03-06 14:56:05,178 - basicLogger - INFO - Medication tylenol added to db. Information:
name: tylenol, quantity: 56, remaining_days: 16, modifier: 3.5, end_date: 2024-03-09
2024-03-06 14:56:30,478 - basicLogger - INFO - Request started for adding {'name': 'tylenol', 'quantity': 56, 'modifier': 3.5} to db
2024-03-06 14:56:30,482 - basicLogger - INFO - Adding data to DB
2024-03-06 14:56:30,575 - basicLogger - INFO - Medication tylenol added to db. Information:
name: tylenol, quantity: 56, remaining_days: 16, modifier: 3.5, end_date: 2024-03-09
2024-03-06 14:56:49,110 - basicLogger - INFO - Request started for adding {'name': 'tylenol', 'quantity': 56, 'modifier': 3.5} to db
2024-03-06 14:56:49,115 - basicLogger - INFO - Adding data to DB
2024-03-06 14:56:49,210 - basicLogger - INFO - Medication tylenol added to db. Information:
name: tylenol, quantity: 56, remaining_days: 16, modifier: 3.5, end_date: 2024-03-09
2024-03-06 14:57:12,713 - basicLogger - INFO - Request started for adding {'name': 'tylenol', 'quantity': 56, 'modifier': 3.5} to db
2024-03-06 14:57:12,717 - basicLogger - INFO - Medication found in DB. Don't overwrite information.
2024-03-06 14:57:20,065 - basicLogger - INFO - Request started for adding {'name': 'tylenol', 'quantity': 56, 'modifier': 3.5} to db
2024-03-06 14:57:20,066 - basicLogger - INFO - Medication found in DB. Don't overwrite information.
2024-03-06 14:57:29,093 - basicLogger - INFO - Request started for adding {'name': 'tylenol', 'quantity': 56, 'modifier': 3.5} to db
2024-03-06 14:57:29,095 - basicLogger - INFO - Adding data to DB
2024-03-06 14:57:29,195 - basicLogger - INFO - Medication tylenol added to db. Information:
name: tylenol, quantity: 56, remaining_days: 16, modifier: 3.5, end_date: 2024-03-09
2024-03-06 14:58:01,529 - basicLogger - INFO - Request started for adding {'name': 'tylenol', 'quantity': 56, 'modifier': 3.5} to db
2024-03-06 14:58:01,533 - basicLogger - INFO - Adding data to DB
2024-03-06 14:58:01,615 - basicLogger - INFO - Medication tylenol added to db. Information:
name: tylenol, quantity: 56, remaining_days: 16, modifier: 3.5, end_date: 2024-03-09
2024-03-06 14:58:44,622 - basicLogger - INFO - Request started for adding {'name': 'tylenol', 'quantity': 56, 'modifier': 3.5} to db
2024-03-06 14:58:44,626 - basicLogger - INFO - Adding data to DB
2024-03-06 14:58:44,856 - basicLogger - INFO - Medication tylenol added to db. Information:
name: tylenol, quantity: 56, remaining_days: 16, modifier: 3.5, end_date: 2024-03-09
2024-03-06 14:59:08,902 - basicLogger - INFO - Request started for adding {'name': 'tylenol', 'quantity': 56, 'modifier': 3.5} to db
2024-03-06 14:59:08,906 - basicLogger - INFO - Adding data to DB
2024-03-06 14:59:08,999 - basicLogger - INFO - Medication tylenol added to db. Information:
name: tylenol, quantity: 56, remaining_days: 16, modifier: 3.5, end_date: 2024-03-09
2024-03-06 14:59:46,170 - basicLogger - INFO - Request started for adding {'name': 'tylenol', 'quantity': 56, 'modifier': 3.5} to db
2024-03-06 14:59:46,174 - basicLogger - INFO - Adding data to DB
2024-03-06 14:59:46,263 - basicLogger - INFO - Medication tylenol added to db. Information:
name: tylenol, quantity: 56, remaining_days: 16, modifier: 3.5, end_date: 2024-03-09
2024-03-06 15:00:00,318 - basicLogger - INFO - Request started for medication with id: 2
2024-03-06 15:00:00,322 - basicLogger - INFO - Found medication with id 2 with contents:
SELECT medicine.id AS medicine_id, medicine.name AS medicine_name, medicine.quantity AS medicine_quantity, medicine.remaining_days AS medicine_remaining_days, medicine.modifier AS medicine_modifier, medicine.end_date AS medicine_end_date 
FROM medicine 
WHERE medicine.id = ?
2024-03-06 15:01:20,440 - basicLogger - INFO - Request started for medication with id: 2
2024-03-06 15:01:20,446 - basicLogger - INFO - Found medication with id 2 with contents:
SELECT medicine.id AS medicine_id, medicine.name AS medicine_name, medicine.quantity AS medicine_quantity, medicine.remaining_days AS medicine_remaining_days, medicine.modifier AS medicine_modifier, medicine.end_date AS medicine_end_date 
FROM medicine 
WHERE medicine.id = ?
2024-03-06 15:02:41,445 - basicLogger - INFO - Request started for medication with id: 2
2024-03-06 15:03:07,046 - basicLogger - INFO - Request started for medication with id: 2
2024-03-06 15:03:07,053 - basicLogger - INFO - Found medication with id 2 with contents:
None
2024-03-06 15:03:42,578 - basicLogger - INFO - Request started for medication with id: 2
2024-03-06 15:03:42,585 - basicLogger - INFO - Invalid medication ID. Nothing returned
2024-03-06 15:03:45,746 - basicLogger - INFO - Request started for medication with id: 1
2024-03-06 15:03:45,748 - basicLogger - INFO - Found medication with id 1 with contents:
<medicine.Medicine object at 0x000001E33CC31ED0>
2024-03-06 15:03:59,931 - basicLogger - INFO - Request started for medication with id: 3
2024-03-06 15:03:59,933 - basicLogger - INFO - Invalid medication ID. Nothing returned
2024-03-06 15:04:02,274 - basicLogger - INFO - Request started for medication with id: 1
2024-03-06 15:04:02,276 - basicLogger - INFO - Found medication with id 1 with contents:
<medicine.Medicine object at 0x000001E33CCF8A30>
2024-03-06 15:04:22,557 - basicLogger - INFO - Request started for medication with id: 1
2024-03-06 15:04:22,564 - basicLogger - INFO - Found medication with id 1 with contents:
<medicine.Medicine object at 0x000001D7C32CBA00>
2024-03-06 15:05:24,626 - basicLogger - INFO - Request started for medication with id: 1
2024-03-06 15:05:24,636 - basicLogger - INFO - Found medication with id 1 with contents:
<medicine.Medicine object at 0x000002CA31263A60>
2024-03-06 15:07:30,075 - basicLogger - INFO - Request started for medication with id: 1
2024-03-06 15:07:30,082 - basicLogger - INFO - Found medication with id 1.
